Arguments: 
  C:\Program Files\nodejs\node.exe C:\Program Files (x86)\Yarn\bin\yarn.js add styled-components

PATH: 
  C:\Users\Christina\bin;C:\Program Files\Git\mingw64\bin;C:\Program Files\Git\usr\local\bin;C:\Program Files\Git\usr\bin;C:\Program Files\Git\usr\bin;C:\Program Files\Git\mingw64\bin;C:\Program Files\Git\usr\bin;C:\Users\Christina\bin;C:\ProgramData\Oracle\Java\javapath;C:\Program Files\NVIDIA GPU Computing Toolkit\CUDA\v5.0\bin;C:\Program Files\NVIDIA GPU Computing Toolkit\CUDA\v5.0\libnvvp;C:\Program Files (x86)\Lenovo\FusionEngine;C:\Program Files (x86)\Intel\iCLS Client;C:\Program Files\Intel\iCLS Client;C:\WINDOWS\system32;C:\WINDOWS;C:\WINDOWS\System32\Wbem;C:\WINDOWS\System32\WindowsPowerShell\v1.0;C:\Program Files\Intel\Intel(R) Management Engine Components\DAL;C:\Program Files (x86)\Intel\Intel(R) Management Engine Components\DAL;C:\Program Files\Intel\Intel(R) Management Engine Components\IPT;C:\Program Files (x86)\Intel\Intel(R) Management Engine Components\IPT;C:\Program Files (x86)\Common Files\lenovo\easyplussdk\bin;C:\Users\Christina\AppData\Local\GitHub\PortableGit_c7e0cbde92ba565cb218a521411d0e854079a28c\bin;C:\Program Files (x86)\Windows Live\Shared;C:\Program Files\Microsoft SQL Server\130\Tools\Binn;C:\Program Files\nodejs;C:\ProgramData\chocolatey\bin;C:\Program Files\PuTTY;C:\Program Files (x86)\Yarn\bin;C:\Program Files (x86)\Skype\Phone;C:\Users\Christina\AppData\Local\Programs\Python\Python35\Scripts;C:\Users\Christina\AppData\Local\Programs\Python\Python35;C:\Users\Christina\AppData\Local\Microsoft\WindowsApps;C:\Users\Christina\AppData\Roaming\npm;C:\Program Files\MKVToolNix;C:\Users\Christina\AppData\Local\atom\bin;C:\Users\Christina\AppData\Local\Yarn\bin;C:\Users\Christina\Documents\Projects\keyboard-simulator\node_modules\gh-pages\bin;C:\Users\Christina\AppData\Local\Google\Cloud SDK\google-cloud-sdk\bin;C:\Program Files\Git\usr\bin\vendor_perl;C:\Program Files\Git\usr\bin\core_perl

Yarn version: 
  0.27.5

Node version: 
  6.10.0

Platform: 
  win32 x64

npm manifest: 
  {
    "name": "giphyguesser",
    "version": "0.0.0",
    "description": "Hello Expo!",
    "author": null,
    "private": true,
    "main": "node_modules/expo/AppEntry.js",
    "dependencies": {
      "expo": "^20.0.0",
      "react": "16.0.0-alpha.12",
      "react-native": "https://github.com/expo/react-native/archive/sdk-20.0.0.tar.gz"
    }
  }

yarn manifest: 
  No manifest

Lockfile: 
  No lockfile

Trace: 
  Error: EPERM: operation not permitted, unlink 'C:\Users\Christina\Documents\Projects\giphyguesser\node_modules\babel-polyfill\node_modules\core-js\build'
      at Error (native)
